!SESSION 2026-03-13 11:04:22.280 -----------------------------------------------
eclipse.buildId=unknown
java.version=1.8.0_481
java.vendor=Oracle Corporation
BootLoader constants: OS=win32, ARCH=x86_64, WS=win32, NL=de_DE
Command-line arguments:  -os win32 -ws win32 -arch x86_64

!ENTRY org.eclipse.osgi 4 0 2026-03-13 11:04:24.760
!MESSAGE Application error
!STACK 1
java.lang.UnsatisfiedLinkError: Cannot load 64-bit SWT libraries on 32-bit JVM
	at org.eclipse.swt.internal.Library.loadLibrary(Library.java:261)
	at org.eclipse.swt.internal.Library.loadLibrary(Library.java:241)
	at org.eclipse.swt.internal.C.<clinit>(C.java:16)
	at org.eclipse.swt.widgets.Display.<clinit>(Display.java:140)
	at org.eclipse.ui.internal.Workbench.createDisplay(Workbench.java:766)
	at org.eclipse.ui.PlatformUI.createDisplay(PlatformUI.java:160)
	at org.eclipse.ui.internal.ide.application.IDEApplication.createDisplay(IDEApplication.java:182)
	at org.eclipse.ui.internal.ide.application.IDEApplication.start(IDEApplication.java:125)
	at org.eclipse.equinox.internal.app.EclipseAppHandle.run(EclipseAppHandle.java:196)
	at org.eclipse.core.runtime.internal.adaptor.EclipseAppLauncher.runApplication(EclipseAppLauncher.java:134)
	at org.eclipse.core.runtime.internal.adaptor.EclipseAppLauncher.start(EclipseAppLauncher.java:104)
	at org.eclipse.core.runtime.adaptor.EclipseStarter.run(EclipseStarter.java:388)
	at org.eclipse.core.runtime.adaptor.EclipseStarter.run(EclipseStarter.java:243)
	at sun.reflect.NativeMethodAccessorImpl.invoke0(Native Method)
	at sun.reflect.NativeMethodAccessorImpl.invoke(Unknown Source)
	at sun.reflect.DelegatingMethodAccessorImpl.invoke(Unknown Source)
	at java.lang.reflect.Method.invoke(Unknown Source)
	at org.eclipse.equinox.launcher.Main.invokeFramework(Main.java:656)
	at org.eclipse.equinox.launcher.Main.basicRun(Main.java:592)
	at org.eclipse.equinox.launcher.Main.run(Main.java:1498)
	at org.eclipse.equinox.launcher.Main.main(Main.java:1471)
